TN:
SF:src/services/store.ts
FN:32,useDispatch
FNF:1
FNH:0
FNDA:0,useDispatch
DA:1,1
DA:2,1
DA:3,1
DA:4,1
DA:5,1
DA:6,1
DA:7,1
DA:8,1
DA:9,1
DA:10,1
DA:11,1
DA:12,1
DA:13,1
DA:14,1
DA:15,1
DA:16,1
DA:17,1
DA:18,1
DA:19,1
DA:20,1
DA:21,1
DA:22,1
DA:23,1
DA:24,1
DA:25,1
DA:26,1
DA:27,1
DA:28,1
DA:29,1
DA:30,1
DA:31,1
DA:32,1
DA:33,1
DA:34,1
DA:35,1
LF:35
LH:35
BRF:0
BRH:0
end_of_record
TN:
SF:src/services/slices/constructorSlice.ts
FN:37,addIngredient
FN:47,removeIngredient
FN:53,setOrderRequest
FN:56,setNullOrderModalData
FN:59,moveIngredientDown
FN:68,moveIngredientUp
FN:79,getConstructorSelector
FN:81,extraReducers
FNF:8
FNH:5
FNDA:1,addIngredient
FNDA:1,removeIngredient
FNDA:0,setOrderRequest
FNDA:0,setNullOrderModalData
FNDA:1,moveIngredientDown
FNDA:1,moveIngredientUp
FNDA:0,getConstructorSelector
FNDA:2,extraReducers
DA:1,1
DA:2,1
DA:3,1
DA:4,1
DA:5,1
DA:6,1
DA:7,1
DA:8,1
DA:9,1
DA:10,1
DA:11,1
DA:12,1
DA:13,1
DA:14,1
DA:15,1
DA:16,1
DA:17,1
DA:18,1
DA:19,1
DA:20,1
DA:21,1
DA:22,1
DA:23,1
DA:24,1
DA:25,1
DA:26,1
DA:27,1
DA:28,1
DA:29,1
DA:30,1
DA:31,1
DA:32,1
DA:33,1
DA:34,1
DA:35,1
DA:36,1
DA:37,1
DA:38,1
DA:39,0
DA:40,1
DA:41,1
DA:42,1
DA:43,1
DA:44,1
DA:45,1
DA:46,1
DA:47,1
DA:48,1
DA:49,1
DA:50,1
DA:51,1
DA:52,1
DA:53,1
DA:54,0
DA:55,1
DA:56,1
DA:57,0
DA:58,1
DA:59,1
DA:60,1
DA:61,1
DA:62,1
DA:63,1
DA:64,1
DA:65,1
DA:66,1
DA:67,1
DA:68,1
DA:69,1
DA:70,1
DA:71,1
DA:72,1
DA:73,1
DA:74,1
DA:75,1
DA:76,1
DA:77,1
DA:78,1
DA:79,1
DA:80,1
DA:81,1
DA:82,2
DA:83,2
DA:84,0
DA:85,0
DA:86,2
DA:87,2
DA:88,0
DA:89,0
DA:90,2
DA:91,2
DA:92,0
DA:93,0
DA:94,0
DA:95,0
DA:96,0
DA:97,0
DA:98,0
DA:99,0
DA:100,2
DA:101,2
DA:102,1
DA:103,1
DA:104,1
DA:105,1
DA:106,1
DA:107,1
DA:108,1
DA:109,1
DA:110,1
DA:111,1
DA:112,1
DA:113,1
DA:114,1
DA:115,1
LF:115
LH:100
BRDA:37,0,0,1
BRDA:38,1,0,0
BRDA:47,2,0,1
BRDA:50,3,0,2
BRDA:59,4,0,1
BRDA:68,5,0,1
BRDA:81,6,0,2
BRF:7
BRH:6
end_of_record
TN:
SF:src/services/slices/feedSlice.ts
FN:33,getFeedStateSelector
FN:34,getOrdersSelector
FN:36,extraReducers
FNF:3
FNH:1
FNDA:0,getFeedStateSelector
FNDA:0,getOrdersSelector
FNDA:2,extraReducers
DA:1,1
DA:2,1
DA:3,1
DA:4,1
DA:5,1
DA:6,1
DA:7,1
DA:8,1
DA:9,1
DA:10,1
DA:11,1
DA:12,1
DA:13,1
DA:14,1
DA:15,1
DA:16,1
DA:17,1
DA:18,1
DA:19,1
DA:20,1
DA:21,1
DA:22,1
DA:23,1
DA:24,1
DA:25,1
DA:26,1
DA:27,1
DA:28,1
DA:29,1
DA:30,1
DA:31,1
DA:32,1
DA:33,1
DA:34,1
DA:35,1
DA:36,1
DA:37,2
DA:38,2
DA:39,1
DA:40,1
DA:41,2
DA:42,2
DA:43,1
DA:44,1
DA:45,2
DA:46,2
DA:47,1
DA:48,1
DA:49,1
DA:50,1
DA:51,1
DA:52,2
DA:53,2
DA:54,1
DA:55,1
DA:56,2
DA:57,2
DA:58,1
DA:59,1
DA:60,2
DA:61,2
DA:62,1
DA:63,1
DA:64,1
DA:65,2
DA:66,2
DA:67,1
DA:68,1
DA:69,1
DA:70,1
DA:71,1
DA:72,1
LF:72
LH:72
BRDA:36,0,0,2
BRDA:38,1,0,1
BRDA:42,2,0,1
BRDA:46,3,0,1
BRDA:53,4,0,1
BRDA:57,5,0,1
BRDA:61,6,0,1
BRF:7
BRH:7
end_of_record
TN:
SF:src/services/slices/index.ts
FNF:0
FNH:0
DA:1,1
DA:2,1
DA:3,1
DA:4,1
DA:5,1
LF:5
LH:5
BRF:0
BRH:0
end_of_record
TN:
SF:src/services/slices/ingredientsSlice.ts
FN:27,getIngredientsStateSelector
FN:28,getIngredientsSelector
FN:30,extraReducers
FNF:3
FNH:1
FNDA:0,getIngredientsStateSelector
FNDA:0,getIngredientsSelector
FNDA:2,extraReducers
DA:1,1
DA:2,1
DA:3,1
DA:4,1
DA:5,1
DA:6,1
DA:7,1
DA:8,1
DA:9,1
DA:10,1
DA:11,1
DA:12,1
DA:13,1
DA:14,1
DA:15,1
DA:16,1
DA:17,1
DA:18,1
DA:19,1
DA:20,1
DA:21,1
DA:22,1
DA:23,1
DA:24,1
DA:25,1
DA:26,1
DA:27,1
DA:28,1
DA:29,1
DA:30,1
DA:31,2
DA:32,2
DA:33,1
DA:34,1
DA:35,2
DA:36,2
DA:37,1
DA:38,1
DA:39,2
DA:40,2
DA:41,1
DA:42,1
DA:43,1
DA:44,2
DA:45,2
DA:46,1
DA:47,1
DA:48,1
DA:49,1
DA:50,1
DA:51,1
DA:52,1
LF:52
LH:52
BRDA:30,0,0,2
BRDA:32,1,0,1
BRDA:36,2,0,1
BRDA:40,3,0,1
BRF:4
BRH:4
end_of_record
TN:
SF:src/services/slices/orderSlice.ts
FN:27,getOrderSelector
FN:29,extraReducers
FNF:2
FNH:1
FNDA:0,getOrderSelector
FNDA:2,extraReducers
DA:1,1
DA:2,1
DA:3,1
DA:4,1
DA:5,1
DA:6,1
DA:7,1
DA:8,1
DA:9,1
DA:10,1
DA:11,1
DA:12,1
DA:13,1
DA:14,1
DA:15,1
DA:16,1
DA:17,1
DA:18,1
DA:19,1
DA:20,1
DA:21,1
DA:22,1
DA:23,1
DA:24,1
DA:25,1
DA:26,1
DA:27,1
DA:28,1
DA:29,1
DA:30,2
DA:31,2
DA:32,1
DA:33,1
DA:34,2
DA:35,2
DA:36,1
DA:37,1
DA:38,2
DA:39,2
DA:40,1
DA:41,1
DA:42,1
DA:43,2
DA:44,2
DA:45,1
DA:46,1
DA:47,1
DA:48,1
DA:49,1
DA:50,1
LF:50
LH:50
BRDA:29,0,0,2
BRDA:31,1,0,1
BRDA:35,2,0,1
BRDA:39,3,0,1
BRF:4
BRH:4
end_of_record
TN:
SF:src/services/slices/userSlice.ts
FN:63,clearUserError
FN:68,getUserStateSelector
FN:69,getUserSelector
FN:70,isAuthorizedSelector
FN:71,getUserErrorSelector
FN:73,extraReducers
FNF:6
FNH:1
FNDA:0,clearUserError
FNDA:0,getUserStateSelector
FNDA:0,getUserSelector
FNDA:0,isAuthorizedSelector
FNDA:0,getUserErrorSelector
FNDA:2,extraReducers
DA:1,1
DA:2,1
DA:3,1
DA:4,1
DA:5,1
DA:6,1
DA:7,1
DA:8,1
DA:9,1
DA:10,1
DA:11,1
DA:12,1
DA:13,1
DA:14,1
DA:15,1
DA:16,1
DA:17,1
DA:18,1
DA:19,1
DA:20,1
DA:21,1
DA:22,1
DA:23,1
DA:24,1
DA:25,1
DA:26,1
DA:27,1
DA:28,1
DA:29,1
DA:30,1
DA:31,1
DA:32,1
DA:33,1
DA:34,1
DA:35,1
DA:36,1
DA:37,1
DA:38,1
DA:39,1
DA:40,1
DA:41,1
DA:42,1
DA:43,1
DA:44,1
DA:45,1
DA:46,1
DA:47,1
DA:48,1
DA:49,1
DA:50,1
DA:51,1
DA:52,1
DA:53,1
DA:54,1
DA:55,1
DA:56,1
DA:57,1
DA:58,1
DA:59,1
DA:60,1
DA:61,1
DA:62,1
DA:63,1
DA:64,0
DA:65,0
DA:66,1
DA:67,1
DA:68,1
DA:69,1
DA:70,1
DA:71,1
DA:72,1
DA:73,1
DA:74,2
DA:75,2
DA:76,1
DA:77,1
DA:78,2
DA:79,2
DA:80,1
DA:81,1
DA:82,2
DA:83,2
DA:84,1
DA:85,1
DA:86,1
DA:87,1
DA:88,1
DA:89,1
DA:90,2
DA:91,2
DA:92,1
DA:93,1
DA:94,2
DA:95,2
DA:96,1
DA:97,1
DA:98,2
DA:99,2
DA:100,1
DA:101,1
DA:102,1
DA:103,1
DA:104,1
DA:105,1
DA:106,2
DA:107,2
DA:108,1
DA:109,1
DA:110,2
DA:111,2
DA:112,1
DA:113,1
DA:114,2
DA:115,2
DA:116,1
DA:117,1
DA:118,1
DA:119,1
DA:120,1
DA:121,1
DA:122,2
DA:123,2
DA:124,1
DA:125,1
DA:126,2
DA:127,2
DA:128,1
DA:129,1
DA:130,2
DA:131,2
DA:132,1
DA:133,1
DA:134,1
DA:135,1
DA:136,2
DA:137,2
DA:138,1
DA:139,1
DA:140,2
DA:141,2
DA:142,1
DA:143,1
DA:144,2
DA:145,2
DA:146,1
DA:147,1
DA:148,2
DA:149,2
DA:150,1
DA:151,1
DA:152,2
DA:153,2
DA:154,1
DA:155,1
DA:156,2
DA:157,2
DA:158,1
DA:159,1
DA:160,2
DA:161,2
DA:162,1
DA:163,1
DA:164,2
DA:165,2
DA:166,1
DA:167,1
DA:168,2
DA:169,2
DA:170,1
DA:171,1
DA:172,1
DA:173,1
DA:174,2
DA:175,2
DA:176,1
DA:177,1
DA:178,1
DA:179,1
DA:180,1
DA:181,1
DA:182,1
DA:183,1
DA:184,1
DA:185,1
DA:186,1
DA:187,1
LF:187
LH:185
BRDA:73,0,0,2
BRDA:75,1,0,1
BRDA:79,2,0,1
BRDA:83,3,0,1
BRDA:91,4,0,1
BRDA:95,5,0,1
BRDA:99,6,0,1
BRDA:107,7,0,1
BRDA:111,8,0,1
BRDA:115,9,0,1
BRDA:123,10,0,1
BRDA:127,11,0,1
BRDA:131,12,0,1
BRDA:137,13,0,1
BRDA:141,14,0,1
BRDA:145,15,0,1
BRDA:149,16,0,1
BRDA:153,17,0,1
BRDA:157,18,0,1
BRDA:161,19,0,1
BRDA:165,20,0,1
BRDA:169,21,0,1
BRF:22
BRH:22
end_of_record
TN:
SF:src/utils/burger-api.ts
FN:6,checkResponse
FN:18,refreshToken
FN:38,fetchWithRefresh
FN:74,getIngredientsApi
FN:84,getFeedsApi
FN:92,getOrdersApi
FN:112,orderBurgerApi
FN:131,getOrderByNumberApi
FN:151,registerUserApi
FN:170,loginUserApi
FN:188,forgotPasswordApi
FN:202,resetPasswordApi
FN:218,getUserApi
FN:225,updateUserApi
FN:235,logoutApi
FNF:15
FNH:0
FNDA:0,checkResponse
FNDA:0,refreshToken
FNDA:0,fetchWithRefresh
FNDA:0,getIngredientsApi
FNDA:0,getFeedsApi
FNDA:0,getOrdersApi
FNDA:0,orderBurgerApi
FNDA:0,getOrderByNumberApi
FNDA:0,registerUserApi
FNDA:0,loginUserApi
FNDA:0,forgotPasswordApi
FNDA:0,resetPasswordApi
FNDA:0,getUserApi
FNDA:0,updateUserApi
FNDA:0,logoutApi
DA:1,1
DA:2,1
DA:3,1
DA:4,1
DA:5,1
DA:6,1
DA:7,0
DA:8,1
DA:9,1
DA:10,1
DA:11,1
DA:12,1
DA:13,1
DA:14,1
DA:15,1
DA:16,1
DA:17,1
DA:18,1
DA:19,0
DA:20,0
DA:21,0
DA:22,0
DA:23,0
DA:24,0
DA:25,0
DA:26,0
DA:27,0
DA:28,0
DA:29,0
DA:30,0
DA:31,0
DA:32,0
DA:33,0
DA:34,0
DA:35,0
DA:36,0
DA:37,1
DA:38,1
DA:39,0
DA:40,0
DA:41,0
DA:42,0
DA:43,0
DA:44,0
DA:45,0
DA:46,0
DA:47,0
DA:48,0
DA:49,0
DA:50,0
DA:51,0
DA:52,0
DA:53,0
DA:54,0
DA:55,0
DA:56,0
DA:57,0
DA:58,0
DA:59,1
DA:60,1
DA:61,1
DA:62,1
DA:63,1
DA:64,1
DA:65,1
DA:66,1
DA:67,1
DA:68,1
DA:69,1
DA:70,1
DA:71,1
DA:72,1
DA:73,1
DA:74,1
DA:75,0
DA:76,0
DA:77,0
DA:78,0
DA:79,0
DA:80,0
DA:81,0
DA:82,0
DA:83,1
DA:84,1
DA:85,0
DA:86,0
DA:87,0
DA:88,0
DA:89,0
DA:90,0
DA:91,1
DA:92,1
DA:93,0
DA:94,0
DA:95,0
DA:96,0
DA:97,0
DA:98,0
DA:99,0
DA:100,0
DA:101,0
DA:102,0
DA:103,0
DA:104,0
DA:105,0
DA:106,1
DA:107,1
DA:108,1
DA:109,1
DA:110,1
DA:111,1
DA:112,1
DA:113,0
DA:114,0
DA:115,0
DA:116,0
DA:117,0
DA:118,0
DA:119,0
DA:120,0
DA:121,0
DA:122,0
DA:123,0
DA:124,0
DA:125,0
DA:126,1
DA:127,1
DA:128,1
DA:129,1
DA:130,1
DA:131,1
DA:132,0
DA:133,0
DA:134,0
DA:135,0
DA:136,0
DA:137,0
DA:138,1
DA:139,1
DA:140,1
DA:141,1
DA:142,1
DA:143,1
DA:144,1
DA:145,1
DA:146,1
DA:147,1
DA:148,1
DA:149,1
DA:150,1
DA:151,1
DA:152,0
DA:153,0
DA:154,0
DA:155,0
DA:156,0
DA:157,0
DA:158,0
DA:159,0
DA:160,0
DA:161,0
DA:162,0
DA:163,0
DA:164,1
DA:165,1
DA:166,1
DA:167,1
DA:168,1
DA:169,1
DA:170,1
DA:171,0
DA:172,0
DA:173,0
DA:174,0
DA:175,0
DA:176,0
DA:177,0
DA:178,0
DA:179,0
DA:180,0
DA:181,0
DA:182,0
DA:183,0
DA:184,0
DA:185,0
DA:186,0
DA:187,1
DA:188,1
DA:189,0
DA:190,0
DA:191,0
DA:192,0
DA:193,0
DA:194,0
DA:195,0
DA:196,0
DA:197,0
DA:198,0
DA:199,0
DA:200,0
DA:201,1
DA:202,1
DA:203,0
DA:204,0
DA:205,0
DA:206,0
DA:207,0
DA:208,0
DA:209,0
DA:210,0
DA:211,0
DA:212,0
DA:213,0
DA:214,0
DA:215,1
DA:216,1
DA:217,1
DA:218,1
DA:219,0
DA:220,0
DA:221,0
DA:222,0
DA:223,0
DA:224,1
DA:225,1
DA:226,0
DA:227,0
DA:228,0
DA:229,0
DA:230,0
DA:231,0
DA:232,0
DA:233,0
DA:234,1
DA:235,1
DA:236,0
DA:237,0
DA:238,0
DA:239,0
DA:240,0
DA:241,0
DA:242,0
DA:243,0
DA:244,0
LF:244
LH:85
BRF:0
BRH:0
end_of_record
TN:
SF:src/utils/cookie.ts
FN:1,getCookie
FN:13,setCookie
FN:45,deleteCookie
FNF:3
FNH:2
FNDA:0,getCookie
FNDA:3,setCookie
FNDA:1,deleteCookie
DA:1,0
DA:2,0
DA:3,0
DA:4,0
DA:5,0
DA:6,0
DA:7,0
DA:8,0
DA:9,0
DA:10,0
DA:11,0
DA:12,1
DA:13,3
DA:14,3
DA:15,3
DA:16,3
DA:17,3
DA:18,3
DA:19,3
DA:20,3
DA:21,3
DA:22,3
DA:23,3
DA:24,3
DA:25,1
DA:26,1
DA:27,1
DA:28,1
DA:29,3
DA:30,3
DA:31,1
DA:32,1
DA:33,3
DA:34,3
DA:35,3
DA:36,4
DA:37,4
DA:38,4
DA:39,4
DA:40,4
DA:41,4
DA:42,3
DA:43,3
DA:44,1
DA:45,1
DA:46,1
DA:47,1
LF:47
LH:36
BRDA:13,0,0,3
BRDA:16,1,0,2
BRDA:24,2,0,1
BRDA:24,3,0,1
BRDA:30,4,0,1
BRDA:30,5,0,1
BRDA:35,6,0,4
BRDA:45,7,0,1
BRF:8
BRH:8
end_of_record
